Compiling the C compiler identification source file "CMakeCCompilerId.c" failed.
Compiler: C:/Users/vcimk/AppData/Local/Android/Sdk/ndk-bundle/toolchains/x86_64-4.9/prebuilt/windows-x86_64/bin/x86_64-linux-android-gcc.exe 
Build flags: -isystem;C:/Users/vcimk/AppData/Local/Android/Sdk/ndk-bundle/sysroot/usr/include/x86_64-linux-android;-D__ANDROID_API__=21;-g;-DANDROID;-ffunction-sections;-funwind-tables;-fstack-protector-strong;-no-canonical-prefixes;-Wa,--noexecstack;-Wformat;-Werror=format-security;
Id flags: 

The output was:
1
C:/Users/vcimk/AppData/Local/Android/Sdk/ndk-bundle/toolchains/x86_64-4.9/prebuilt/windows-x86_64/bin/../lib/gcc/x86_64-linux-android/4.9.x/../../../../x86_64-linux-android/bin/ld.exe: error: cannot open crtbegin_dynamic.o: No such file or directory
C:/Users/vcimk/AppData/Local/Android/Sdk/ndk-bundle/toolchains/x86_64-4.9/prebuilt/windows-x86_64/bin/../lib/gcc/x86_64-linux-android/4.9.x/../../../../x86_64-linux-android/bin/ld.exe: error: cannot open crtend_android.o: No such file or directory
C:/Users/vcimk/AppData/Local/Android/Sdk/ndk-bundle/toolchains/x86_64-4.9/prebuilt/windows-x86_64/bin/../lib/gcc/x86_64-linux-android/4.9.x/../../../../x86_64-linux-android/bin/ld.exe: error: cannot find -lc
C:/Users/vcimk/AppData/Local/Android/Sdk/ndk-bundle/toolchains/x86_64-4.9/prebuilt/windows-x86_64/bin/../lib/gcc/x86_64-linux-android/4.9.x/../../../../x86_64-linux-android/bin/ld.exe: error: cannot find -ldl
collect2.exe: error: ld returned 1 exit status


Compiling the CXX compiler identification source file "CMakeCXXCompilerId.cpp" failed.
Compiler: C:/Users/vcimk/AppData/Local/Android/Sdk/ndk-bundle/toolchains/x86_64-4.9/prebuilt/windows-x86_64/bin/x86_64-linux-android-g++.exe 
Build flags: -isystem;C:/Users/vcimk/AppData/Local/Android/Sdk/ndk-bundle/sysroot/usr/include/x86_64-linux-android;-D__ANDROID_API__=21;-g;-DANDROID;-ffunction-sections;-funwind-tables;-fstack-protector-strong;-no-canonical-prefixes;-Wa,--noexecstack;-Wformat;-Werror=format-security;;
Id flags: 

The output was:
1
C:/Users/vcimk/AppData/Local/Android/Sdk/ndk-bundle/toolchains/x86_64-4.9/prebuilt/windows-x86_64/bin/../lib/gcc/x86_64-linux-android/4.9.x/../../../../x86_64-linux-android/bin/ld.exe: error: cannot open crtbegin_dynamic.o: No such file or directory
C:/Users/vcimk/AppData/Local/Android/Sdk/ndk-bundle/toolchains/x86_64-4.9/prebuilt/windows-x86_64/bin/../lib/gcc/x86_64-linux-android/4.9.x/../../../../x86_64-linux-android/bin/ld.exe: error: cannot open crtend_android.o: No such file or directory
C:/Users/vcimk/AppData/Local/Android/Sdk/ndk-bundle/toolchains/x86_64-4.9/prebuilt/windows-x86_64/bin/../lib/gcc/x86_64-linux-android/4.9.x/../../../../x86_64-linux-android/bin/ld.exe: error: cannot find -lstdc++
C:/Users/vcimk/AppData/Local/Android/Sdk/ndk-bundle/toolchains/x86_64-4.9/prebuilt/windows-x86_64/bin/../lib/gcc/x86_64-linux-android/4.9.x/../../../../x86_64-linux-android/bin/ld.exe: error: cannot find -lm
C:/Users/vcimk/AppData/Local/Android/Sdk/ndk-bundle/toolchains/x86_64-4.9/prebuilt/windows-x86_64/bin/../lib/gcc/x86_64-linux-android/4.9.x/../../../../x86_64-linux-android/bin/ld.exe: error: cannot find -lc
C:/Users/vcimk/AppData/Local/Android/Sdk/ndk-bundle/toolchains/x86_64-4.9/prebuilt/windows-x86_64/bin/../lib/gcc/x86_64-linux-android/4.9.x/../../../../x86_64-linux-android/bin/ld.exe: error: cannot find -ldl
collect2.exe: error: ld returned 1 exit status


